CompileCommand: exclude com/intellij/openapi/vfs/impl/FilePartNodeRoot.trieDescend bool exclude = true
2023-03-22 15:20:45,489 [   3165]   WARN - #c.i.o.a.i.ActionManagerImpl - keymap "Visual Studio" not found PluginDescriptor(name=IDEA CORE, id=com.intellij, descriptorPath=plugin.xml, path=/usr/local/GoLand/lib, version=223.8836.34, package=com.intellij.structuralsearch, isBundled=true)
2023-03-22 15:20:45,503 [   3179]   WARN - #c.i.o.a.i.ActionManagerImpl - keymap "Eclipse" not found PluginDescriptor(name=IDEA CORE, id=com.intellij, descriptorPath=plugin.xml, path=/usr/local/GoLand/lib, version=223.8836.34, package=com.intellij.structuralsearch, isBundled=true)
2023-03-22 15:20:45,504 [   3180]   WARN - #c.i.o.a.i.ActionManagerImpl - keymap "NetBeans 6.5" not found PluginDescriptor(name=IDEA CORE, id=com.intellij, descriptorPath=plugin.xml, path=/usr/local/GoLand/lib, version=223.8836.34, package=com.intellij.structuralsearch, isBundled=true)
2023-03-22 15:20:45,505 [   3181]   WARN - #c.i.o.a.i.ActionManagerImpl - keymap "Visual Studio" not found PluginDescriptor(name=IDEA CORE, id=com.intellij, descriptorPath=plugin.xml, path=/usr/local/GoLand/lib, version=223.8836.34, package=com.intellij.structuralsearch, isBundled=true)
2023-03-22 15:20:45,881 [   3557]   WARN - #c.i.o.a.i.ActionManagerImpl - keymap "Visual Studio" not found PluginDescriptor(name=HTML Tools, id=HtmlTools, descriptorPath=plugin.xml, path=/usr/local/GoLand/plugins/html-tools, version=223.8836.34, package=null, isBundled=true)
2023-03-22 15:20:46,026 [   3702]   WARN - #c.i.o.a.i.ActionManagerImpl - keymap "Eclipse" not found PluginDescriptor(name=GitHub, id=org.jetbrains.plugins.github, descriptorPath=plugin.xml, path=/usr/local/GoLand/plugins/vcs-github, version=223.8836.34, package=org.jetbrains.plugins.github, isBundled=true)
2023-03-22 15:20:46,032 [   3708]   WARN - #c.i.o.a.i.ActionManagerImpl - keymap "Eclipse" not found PluginDescriptor(name=JavaScript and TypeScript, id=JavaScript, descriptorPath=plugin.xml, path=/usr/local/GoLand/plugins/javascript-impl, version=223.8836.34, package=null, isBundled=true)
2023-03-22 15:20:46,033 [   3709]   WARN - #c.i.o.a.i.ActionManagerImpl - keymap "Visual Studio" not found PluginDescriptor(name=JavaScript and TypeScript, id=JavaScript, descriptorPath=plugin.xml, path=/usr/local/GoLand/plugins/javascript-impl, version=223.8836.34, package=null, isBundled=true)
2023-03-22 15:20:46,040 [   3716]   WARN - #c.i.o.a.i.ActionManagerImpl - keymap "Eclipse" not found PluginDescriptor(name=Space, id=com.jetbrains.space, moduleName=intellij.space.vcs, descriptorPath=intellij.space.vcs.xml, path=/usr/local/GoLand/plugins/space, version=223.8836.34, package=com.intellij.space.vcs, isBundled=true)
2023-03-22 15:20:46,338 [   4014]   WARN - #c.i.f.ProductivityFeaturesRegistryImpl - Feature with id 'editing.completion.replace' is overridden by: id = [editing.completion.replace], displayName = [Replace By when using lookup], groupId = [completion], usageCount = [0]
2023-03-22 15:20:46,339 [   4015]   WARN - #c.i.f.ProductivityFeaturesRegistryImpl - Feature with id 'editing.completion.finishByCtrlDot' is overridden by: id = [editing.completion.finishByCtrlDot], displayName = [Finish lookup with Ctrl+Dot], groupId = [completion], usageCount = [0]
2023-03-22 15:20:46,339 [   4015]   WARN - #c.i.f.ProductivityFeaturesRegistryImpl - Feature with id 'editing.completion.finishByDotEtc' is overridden by: id = [editing.completion.finishByDotEtc], displayName = [Finish lookup with special characters], groupId = [completion], usageCount = [0]
2023-03-22 15:20:46,341 [   4017]   WARN - #c.i.f.ProductivityFeaturesRegistryImpl - Feature with id 'scratch' is overridden by: id = [scratch], displayName = [New scratch file], groupId = [editing], usageCount = [0]
2023-03-22 15:20:46,342 [   4018]   WARN - #c.i.f.ProductivityFeaturesRegistryImpl - Feature with id 'codeassists.quickdefinition' is overridden by: id = [codeassists.quickdefinition], displayName = [Quick Definition lookup], groupId = [codeassists], usageCount = [0]
2023-03-22 15:20:46,343 [   4019]   WARN - #c.i.f.ProductivityFeaturesRegistryImpl - Feature with id 'codeassists.comment.line' is overridden by: id = [codeassists.comment.line], displayName = [Comment or uncomment the current line], groupId = [codeassists], usageCount = [0]
2023-03-22 15:20:49,281 [   6957]   WARN - #c.i.e.RunManager - Must be not called before project components initialized
Info  | RdCoroutineScope          | 22:DefaultDispatcher-worker-11 | RdCoroutineHost overridden 
2023-03-22 15:20:53,046 [  10722]   WARN - #c.i.o.a.i.ActionUpdater - 363 ms to grab EDT for ToolWindowHeader$2#update@ToolwindowTitle (com.intellij.toolWindow.ToolWindowHeader$2)
2023-03-22 15:20:56,670 [  14346]   WARN - #c.i.o.a.i.ActionUpdater - 319 ms to grab EDT for BackAction#update@MainToolbar (com.intellij.ide.actions.BackAction)
2023-03-22 20:03:05,779 [16943455]   WARN - #c.i.p.i.s.c.FormattingRangesExtender - The given range 4683 exceeds the document length 4682
2023-03-22 20:37:16,264 [18993940]   WARN - #c.i.p.i.s.c.FormattingRangesExtender - The given range 4671 exceeds the document length 4670
2023-03-22 20:56:32,697 [20150373]   WARN - #c.i.o.a.e.ActionUtil - Can not find action by id CompileDirty
